<?xml version="1.0" encoding="UTF-8"?>
<!-- Generated by org.testng.reporters.JUnitXMLReporter -->
<testsuite hostname="SSD-16-0065" name="Test" tests="11" failures="0" timestamp="5 May 2015 10:39:29 GMT" time="29.072" errors="0">
  <testcase name="testLogin" time="0.0" classname="testCases.HybridExecuteTest"/>
  <testcase name="testLogin" time="4.581" classname="testCases.HybridExecuteTest"/>
  <testcase name="testLogin" time="0.174" classname="testCases.HybridExecuteTest"/>
  <testcase name="testLogin" time="0.093" classname="testCases.HybridExecuteTest"/>
  <testcase name="testLogin" time="2.767" classname="testCases.HybridExecuteTest"/>
  <testcase name="testLogin" time="0.127" classname="testCases.HybridExecuteTest"/>
  <testcase name="testLogin" time="0.312" classname="testCases.HybridExecuteTest"/>
  <testcase name="testLogin" time="1.61" classname="testCases.HybridExecuteTest"/>
  <testcase name="testLogin" time="1.486" classname="testCases.HybridExecuteTest"/>
  <testcase name="testLogin" time="10.605" classname="testCases.HybridExecuteTest"/>
  <testcase name="testTest" time="0.0" classname="testCases.HybridExecuteTest"/>
</testsuite> <!-- Test -->
