<?xml version="1.0" encoding="UTF-8"?>
<!-- Generated by org.testng.reporters.JUnitXMLReporter -->
<testsuite hostname="SSD-16-0065" name="Test" tests="51" failures="0" timestamp="28 Apr 2015 12:20:06 GMT" time="29.525" errors="0">
  <testcase name="testLogin" time="0.018" classname="testCases.HybridExecuteTest"/>
  <testcase name="testLogin" time="0.0" classname="testCases.HybridExecuteTest"/>
  <testcase name="testLogin" time="5.932" classname="testCases.HybridExecuteTest"/>
  <testcase name="testLogin" time="0.158" classname="testCases.HybridExecuteTest"/>
  <testcase name="testLogin" time="0.093" classname="testCases.HybridExecuteTest"/>
  <testcase name="testLogin" time="3.046" classname="testCases.HybridExecuteTest"/>
  <testcase name="testLogin" time="0.204" classname="testCases.HybridExecuteTest"/>
  <testcase name="testLogin" time="0.328" classname="testCases.HybridExecuteTest"/>
  <testcase name="testLogin" time="1.628" classname="testCases.HybridExecuteTest"/>
  <testcase name="testLogin" time="1.516" classname="testCases.HybridExecuteTest"/>
  <testcase name="testLogin" time="10.524" classname="testCases.HybridExecuteTest"/>
  <testcase name="testLogin" time="0.0" classname="testCases.HybridExecuteTest"/>
  <testcase name="testLogin" time="0.0" classname="testCases.HybridExecuteTest"/>
  <testcase name="testLogin" time="0.0" classname="testCases.HybridExecuteTest"/>
  <testcase name="testLogin" time="0.016" classname="testCases.HybridExecuteTest"/>
  <testcase name="testLogin" time="0.0" classname="testCases.HybridExecuteTest"/>
  <testcase name="testLogin" time="0.0" classname="testCases.HybridExecuteTest"/>
  <testcase name="testLogin" time="0.0" classname="testCases.HybridExecuteTest"/>
  <testcase name="testLogin" time="0.0" classname="testCases.HybridExecuteTest"/>
  <testcase name="testLogin" time="0.015" classname="testCases.HybridExecuteTest"/>
  <testcase name="testLogin" time="0.0" classname="testCases.HybridExecuteTest"/>
  <testcase name="testLogin" time="0.0" classname="testCases.HybridExecuteTest"/>
  <testcase name="testLogin" time="0.0" classname="testCases.HybridExecuteTest"/>
  <testcase name="testLogin" time="0.0" classname="testCases.HybridExecuteTest"/>
  <testcase name="testLogin" time="0.0" classname="testCases.HybridExecuteTest"/>
  <testcase name="testLogin" time="0.0" classname="testCases.HybridExecuteTest"/>
  <testcase name="testLogin" time="0.0" classname="testCases.HybridExecuteTest"/>
  <testcase name="testLogin" time="0.0" classname="testCases.HybridExecuteTest"/>
  <testcase name="testLogin" time="0.0" classname="testCases.HybridExecuteTest"/>
  <testcase name="testLogin" time="0.015" classname="testCases.HybridExecuteTest"/>
  <testcase name="testLogin" time="0.0" classname="testCases.HybridExecuteTest"/>
  <testcase name="testLogin" time="0.0" classname="testCases.HybridExecuteTest"/>
  <testcase name="testLogin" time="0.0" classname="testCases.HybridExecuteTest"/>
  <testcase name="testLogin" time="0.0" classname="testCases.HybridExecuteTest"/>
  <testcase name="testLogin" time="0.016" classname="testCases.HybridExecuteTest"/>
  <testcase name="testLogin" time="0.015" classname="testCases.HybridExecuteTest"/>
  <testcase name="testLogin" time="0.0" classname="testCases.HybridExecuteTest"/>
  <testcase name="testLogin" time="0.0" classname="testCases.HybridExecuteTest"/>
  <testcase name="testLogin" time="0.0" classname="testCases.HybridExecuteTest"/>
  <testcase name="testLogin" time="0.0" classname="testCases.HybridExecuteTest"/>
  <testcase name="testLogin" time="0.0" classname="testCases.HybridExecuteTest"/>
  <testcase name="testLogin" time="0.016" classname="testCases.HybridExecuteTest"/>
  <testcase name="testLogin" time="0.0" classname="testCases.HybridExecuteTest"/>
  <testcase name="testLogin" time="0.0" classname="testCases.HybridExecuteTest"/>
  <testcase name="testLogin" time="0.0" classname="testCases.HybridExecuteTest"/>
  <testcase name="testLogin" time="0.0" classname="testCases.HybridExecuteTest"/>
  <testcase name="testLogin" time="0.0" classname="testCases.HybridExecuteTest"/>
  <testcase name="testLogin" time="0.015" classname="testCases.HybridExecuteTest"/>
  <testcase name="testLogin" time="0.0" classname="testCases.HybridExecuteTest"/>
  <testcase name="testLogin" time="0.0" classname="testCases.HybridExecuteTest"/>
  <testcase name="testTest" time="0.0" classname="testCases.HybridExecuteTest"/>
</testsuite> <!-- Test -->
